;;; 
Export: Release 21.0.0.0.0 - Production on Sun Dec 10 23:04:21 2023
Version 21.3.0.0.0

Copyright (c) 1982, 2021, Oracle and/or its affiliates.  All rights reserved.
;;; 
Connected to: Oracle Database 21c Express Edition Release 21.0.0.0.0 - Production
Starting "BOGDAN"."SYS_EXPORT_SCHEMA_01":  bogdan/******** 
Processing object type SCHEMA_EXPORT/TABLE/TABLE_DATA
Processing object type SCHEMA_EXPORT/TABLE/INDEX/STATISTICS/INDEX_STATISTICS
Processing object type SCHEMA_EXPORT/TABLE/STATISTICS/TABLE_STATISTICS
Processing object type SCHEMA_EXPORT/STATISTICS/MARKER
Processing object type SCHEMA_EXPORT/SYSTEM_GRANT
Processing object type SCHEMA_EXPORT/ROLE_GRANT
Processing object type SCHEMA_EXPORT/DEFAULT_ROLE
Processing object type SCHEMA_EXPORT/TABLESPACE_QUOTA
Processing object type SCHEMA_EXPORT/PRE_SCHEMA/PROCACT_SCHEMA
Processing object type SCHEMA_EXPORT/SEQUENCE/SEQUENCE
Processing object type SCHEMA_EXPORT/TABLE/TABLE
Processing object type SCHEMA_EXPORT/TABLE/COMMENT
Processing object type SCHEMA_EXPORT/TABLE/INDEX/INDEX
Processing object type SCHEMA_EXPORT/TABLE/CONSTRAINT/CONSTRAINT
Processing object type SCHEMA_EXPORT/TABLE/CONSTRAINT/REF_CONSTRAINT
Processing object type SCHEMA_EXPORT/TABLE/TRIGGER
. . exported "BOGDAN"."CARS"                             6.906 KB       5 rows
. . exported "BOGDAN"."CLIENTS"                          7.851 KB       4 rows
. . exported "BOGDAN"."ORDERS"                           7.695 KB       3 rows
. . exported "BOGDAN"."ORDER_HISTORY"                        0 KB       0 rows
. . exported "BOGDAN"."RENTAL_HISTORY"                       0 KB       0 rows
Master table "BOGDAN"."SYS_EXPORT_SCHEMA_01" successfully loaded/unloaded
******************************************************************************
Dump file set for BOGDAN.SYS_EXPORT_SCHEMA_01 is:
  C:\APP\PUSHK\PRODUCT\21C\ADMIN\XE\DPDUMP\EXPDAT.DMP
Job "BOGDAN"."SYS_EXPORT_SCHEMA_01" successfully completed at Sun Dec 10 23:05:29 2023 elapsed 0 00:00:51
